INFO 2017-01-12 21:24:51,562 signals: Student updated: first2 d (ID: 19)
INFO 2017-01-12 21:30:47,690 signals: Student updated: first d (ID: 19)
INFO 2017-01-12 21:37:16,823 signals: Exam updated: dgdf (ID: 1)
INFO 2017-01-14 13:45:11,240 signals: Student updated: first2 d (ID: 19)
INFO 2017-01-14 13:45:48,783 signals: Student updated: first d (ID: 19)
INFO 2017-01-14 13:48:09,359 signals: Student updated: first2 d (ID: 19)
INFO 2017-01-14 21:45:09,628 signals: Student updated: first3 d (ID: 19)
INFO 2017-01-14 21:45:59,216 signals: Student updated: first4 d (ID: 19)
INFO 2017-01-14 21:46:29,447 signals: Student updated: first5 d (ID: 19)
INFO 2017-01-14 21:48:28,371 signals: Student updated: first7 d (ID: 19)
INFO 2017-01-14 21:49:20,966 signals: Student updated: first d (ID: 19)
INFO 2017-01-14 22:54:30,703 signals: Student updated: first1 d (ID: 19)
INFO 2017-01-14 22:54:30,731 signals: Student updated: first1 d (ID: 19)
INFO 2017-01-14 22:55:36,705 signals: Student updated: first d (ID: 19)
INFO 2017-01-14 22:56:19,281 signals: Student updated: first2 d (ID: 19)
INFO 2017-01-15 15:49:53,180 signals: Student updated: first3 d (ID: 19)
INFO 2017-01-15 16:26:50,174 signals: Student updated: first4 d (ID: 19)
INFO 2017-01-15 22:21:40,785 signals: Student updated: first d (ID: 19)
INFO 2017-01-15 22:26:39,833 signals: Exam added: іваіа (ID: 2)
INFO 2017-01-15 22:49:08,312 signals: Exam updated: dgdf (ID: 1)
INFO 2017-01-15 22:49:15,542 signals: Exam updated: іваіа (ID: 2)
INFO 2017-01-15 22:49:22,647 signals: Exam updated: dgdf (ID: 1)
INFO 2017-01-15 23:16:40,947 signals: Student updated: first6 d (ID: 19)
INFO 2017-01-15 23:20:13,784 signals: Student updated: first d (ID: 19)
INFO 2017-01-15 23:20:47,024 signals: Student updated: first7 d (ID: 19)
INFO 2017-01-15 23:26:59,086 signals: Exam updated: іваіа (ID: 2)
INFO 2017-01-24 12:33:31,236 signals: Student updated: first first (ID: 12)
INFO 2017-01-28 17:30:48,762 signals: Exam added: dg (ID: 3)
INFO 2017-01-29 13:56:14,662 signals: Student added: sdfv sdfs (ID: 22)
INFO 2017-01-29 14:43:18,246 signals: Student added: іваі вамв (ID: 23)
INFO 2017-01-29 14:44:24,104 signals: Student deleted: first7 d (ID: 19)
INFO 2017-01-29 14:44:30,098 signals: Student deleted: second d (ID: 20)
INFO 2017-01-29 14:44:37,004 signals: Student deleted: third third (ID: 21)
INFO 2017-01-29 14:44:45,433 signals: Student deleted: іваі вамв (ID: 23)
INFO 2017-01-29 15:04:36,352 signals: Student added: іваіваі іва (ID: 24)
INFO 2017-01-29 15:05:24,198 signals: Student added: іваіваі івасі (ID: 25)
INFO 2017-01-29 15:05:41,915 signals: Student added: амім ім (ID: 26)
INFO 2017-01-29 15:06:10,807 signals: Student added: вімаі віа (ID: 27)
INFO 2017-01-29 15:12:57,023 signals: Student deleted: іваіваі івасі (ID: 25)
INFO 2017-01-29 15:13:58,618 signals: Student added: іуваіу іва (ID: 28)
INFO 2017-01-29 15:14:08,004 signals: Student deleted: амім ім (ID: 26)
INFO 2017-01-30 03:21:27,477 signals: Student deleted: second second (ID: 13)
INFO 2017-01-30 03:33:28,027 signals: Student added: впв вапв (ID: 14)
INFO 2017-01-31 07:46:24,958 signals: Student added: dfd dfgdf (ID: 15)
INFO 2017-03-07 07:43:01,145 signals: Student added: drfsedf sfsf (ID: 16)
